<?xml version="1.0" encoding="UTF-8"?>
<testng-results ignored="0" total="1" passed="1" failed="0" skipped="0">
  <reporter-output>
  </reporter-output>
  <suite started-at="2021-03-22T19:34:58Z" name="Default suite" finished-at="2021-03-22T19:35:40Z" duration-ms="42162">
    <groups>
    </groups>
    <test started-at="2021-03-22T19:34:58Z" name="Default test" finished-at="2021-03-22T19:35:40Z" duration-ms="42162">
      <class name="com.crm.qa.testcases.LoginPageTest">
        <test-method is-config="true" signature="setUp()[pri:0, instance:com.crm.qa.testcases.LoginPageTest@37d4349f]" started-at="2021-03-22T12:34:58Z" name="setUp" finished-at="2021-03-22T12:35:04Z" duration-ms="5881" status="PASS">
          <reporter-output>
          </reporter-output>
        </test-method> <!-- setUp -->
        <test-method signature="loginTest()[pri:3, instance:com.crm.qa.testcases.LoginPageTest@37d4349f]" started-at="2021-03-22T12:35:04Z" name="loginTest" finished-at="2021-03-22T12:35:40Z" duration-ms="36031" status="PASS">
          <reporter-output>
          </reporter-output>
        </test-method> <!-- loginTest -->
        <test-method is-config="true" signature="tearDown()[pri:0, instance:com.crm.qa.testcases.LoginPageTest@37d4349f]" started-at="2021-03-22T12:35:40Z" name="tearDown" finished-at="2021-03-22T12:35:40Z" duration-ms="214" status="PASS">
          <reporter-output>
          </reporter-output>
        </test-method> <!-- tearDown -->
      </class> <!-- com.crm.qa.testcases.LoginPageTest -->
    </test> <!-- Default test -->
  </suite> <!-- Default suite -->
</testng-results>
